<?xml version="1.0" encoding="UTF-8"?>
<!-- Generated by org.testng.reporters.JUnitReportReporter -->
<testsuite hostname="SHARAD" failures="0" tests="2" name="TestClasses.TestClassB_TestNG" time="0.042" errors="0" timestamp="2025-01-30T17:24:24 IST" skipped="0">
  <testcase classname="TestClasses.TestClassB_TestNG" name="testB" time="0.007"/>
  <testcase classname="TestClasses.TestClassB_TestNG" name="testA" time="0.035"/>
</testsuite> <!-- TestClasses.TestClassB_TestNG -->
